[debug] [2023-08-28T12:16:35.193Z] ----------------------------------------------------------------------
[debug] [2023-08-28T12:16:35.195Z] Command:       C:\Program Files\nodejs\node.exe C:\Program Files\nodejs\node_modules\firebase-tools\lib\bin\firebase.js init hosting
[debug] [2023-08-28T12:16:35.195Z] CLI Version:   12.5.2
[debug] [2023-08-28T12:16:35.195Z] Platform:      win32
[debug] [2023-08-28T12:16:35.196Z] Node Version:  v18.17.1
[debug] [2023-08-28T12:16:35.197Z] Time:          Mon Aug 28 2023 21:16:35 GMT+0900 (Japan Standard Time)
[debug] [2023-08-28T12:16:35.197Z] ----------------------------------------------------------------------
[debug] 
[debug] [2023-08-28T12:16:35.205Z] > command requires scopes: ["email","openid","https://www.googleapis.com/auth/cloudplatformprojects.readonly","https://www.googleapis.com/auth/firebase","https://www.googleapis.com/auth/cloud-platform"]
[debug] [2023-08-28T12:16:35.206Z] > authorizing via signed-in user (kaspersky3550879@gmail.com)
[info] 
     ######## #### ########  ######## ########     ###     ######  ########
     ##        ##  ##     ## ##       ##     ##  ##   ##  ##       ##
     ######    ##  ########  ######   ########  #########  ######  ######
     ##        ##  ##    ##  ##       ##     ## ##     ##       ## ##
     ##       #### ##     ## ######## ########  ##     ##  ######  ########

You're about to initialize a Firebase project in this directory:

  E:\Work\guetline test assessment

[info] 
=== Project Setup
[info] 
[info] First, let's associate this project directory with a Firebase project.
[info] You can create multiple project aliases by running firebase use --add, 
[info] but for now we'll just set up a default project.
[info] 
[debug] [2023-08-28T12:16:41.176Z] >>> [apiv2][query] GET https://firebase.googleapis.com/v1beta1/projects pageSize=100
[debug] [2023-08-28T12:16:42.768Z] <<< [apiv2][status] GET https://firebase.googleapis.com/v1beta1/projects 200
[debug] [2023-08-28T12:16:42.768Z] <<< [apiv2][body] GET https://firebase.googleapis.com/v1beta1/projects [omitted]
[info] i  Using project guestline-test-assessment (Guestline-Test-Assessment) 
[info] 
=== Hosting Setup
[info] 
[info] Your public directory is the folder (relative to your project directory) that
[info] will contain Hosting assets to be uploaded with firebase deploy. If you
[info] have a build process for your assets, use your build's output directory.
[info] 
[debug] [2023-08-28T12:17:00.132Z] >>> [apiv2][query] GET https://www.gstatic.com/firebasejs/releases.json [none]
[debug] [2023-08-28T12:17:00.987Z] <<< [apiv2][status] GET https://www.gstatic.com/firebasejs/releases.json 200
[debug] [2023-08-28T12:17:00.987Z] <<< [apiv2][body] GET https://www.gstatic.com/firebasejs/releases.json {"current":{"version":"10.3.0","browserURL":"https://www.gstatic.com/firebasejs/10.3.0/firebase.js","packageURL":"https://www.gstatic.com/firebasejs/10.3.0/firebase.tgz"},"live":{"version":"10.3","browserURL":"https://www.gstatic.com/firebasejs/live/10.3/firebase.js","packageURL":"https://www.gstatic.com/firebasejs/live/10.3/firebase.tgz"},"components":{"analytics":"https://www.gstatic.com/firebasejs/10.3.0/firebase-analytics.js","app":"https://www.gstatic.com/firebasejs/10.3.0/firebase-app.js","app-check":"https://www.gstatic.com/firebasejs/10.3.0/firebase-app-check.js","auth":"https://www.gstatic.com/firebasejs/10.3.0/firebase-auth.js","auth/cordova":"https://www.gstatic.com/firebasejs/10.3.0/firebase-auth/cordova.js","functions":"https://www.gstatic.com/firebasejs/10.3.0/firebase-functions.js","firestore":"https://www.gstatic.com/firebasejs/10.3.0/firebase-firestore.js","firestore/lite":"https://www.gstatic.com/firebasejs/10.3.0/firebase-firestore/lite.js","installations":"https://www.gstatic.com/firebasejs/10.3.0/firebase-installations.js","storage":"https://www.gstatic.com/firebasejs/10.3.0/firebase-storage.js","performance":"https://www.gstatic.com/firebasejs/10.3.0/firebase-performance.js","remote-config":"https://www.gstatic.com/firebasejs/10.3.0/firebase-remote-config.js","messaging":"https://www.gstatic.com/firebasejs/10.3.0/firebase-messaging.js","messaging/sw":"https://www.gstatic.com/firebasejs/10.3.0/firebase-messaging/sw.js","database":"https://www.gstatic.com/firebasejs/10.3.0/firebase-database.js","firestore.memory":"https://www.gstatic.com/firebasejs/10.3.0/firebase-firestore.memory.js"}}
[info] i  Skipping write of public/index.html 
[info] 
[info] i  Didn't detect a .git folder. Assuming E:\Work\guetline test assessment is the project root. 
[info] i  Authorizing with GitHub to upload your service account to a GitHub repository's secrets store. 
[info] 
[info] Visit this URL on this device to log in:
[info] https://github.com/login/oauth/authorize?client_id=89cf50f02ac6aaed3484&state=284756485&redirect_uri=http%3A%2F%2Flocalhost%3A9005&scope=read%3Auser%20repo%20public_repo
[info] 
[info] Waiting for authentication...
[debug] [2023-08-28T12:17:20.525Z] >>> [apiv2][query] POST https://github.com/login/oauth/access_token [none]
[debug] [2023-08-28T12:17:20.526Z] >>> [apiv2][body] POST https://github.com/login/oauth/access_token [stream]
[debug] [2023-08-28T12:17:21.243Z] <<< [apiv2][status] POST https://github.com/login/oauth/access_token 200
[debug] [2023-08-28T12:17:21.243Z] <<< [apiv2][body] POST https://github.com/login/oauth/access_token {"access_token":"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","token_type":"bearer","scope":"read:user,repo"}
[debug] [2023-08-28T12:17:21.255Z] >>> [apiv2][query] GET https://api.github.com/user [none]
[debug] [2023-08-28T12:17:21.994Z] <<< [apiv2][status] GET https://api.github.com/user 200
[debug] [2023-08-28T12:17:21.995Z] <<< [apiv2][body] GET https://api.github.com/user {"login":"kaspersky3550879","id":139256819,"node_id":"U_kgDOCEzj8w","avatar_url":"https://avatars.githubusercontent.com/u/139256819?v=4","gravatar_id":"","url":"https://api.github.com/users/kaspersky3550879","html_url":"https://github.com/kaspersky3550879","followers_url":"https://api.github.com/users/kaspersky3550879/followers","following_url":"https://api.github.com/users/kaspersky3550879/following{/other_user}","gists_url":"https://api.github.com/users/kaspersky3550879/gists{/gist_id}","starred_url":"https://api.github.com/users/kaspersky3550879/starred{/owner}{/repo}","subscriptions_url":"https://api.github.com/users/kaspersky3550879/subscriptions","organizations_url":"https://api.github.com/users/kaspersky3550879/orgs","repos_url":"https://api.github.com/users/kaspersky3550879/repos","events_url":"https://api.github.com/users/kaspersky3550879/events{/privacy}","received_events_url":"https://api.github.com/users/kaspersky3550879/received_events","type":"User","site_admin":false,"name":null,"company":null,"blog":"","location":null,"email":null,"hireable":null,"bio":null,"twitter_username":null,"public_repos":2,"public_gists":0,"followers":1,"following":1,"created_at":"2023-07-11T16:25:36Z","updated_at":"2023-08-28T02:03:42Z","private_gists":0,"total_private_repos":0,"owned_private_repos":0,"disk_usage":6228,"collaborators":0,"two_factor_authentication":false,"plan":{"name":"free","space":976562499,"collaborators":0,"private_repos":10000}}
[info] 
[info] +  Success! Logged into GitHub as kaspersky3550879 
[info] 
